[0m10:28:09.530205 [debug] [MainThread]: Sending event: {'category': 'dbt', 'action': 'invocation', 'label': 'start', 'context': [<snowplow_tracker.self_describing_json.SelfDescribingJson object at 0x1098fb990>, <snowplow_tracker.self_describing_json.SelfDescribingJson object at 0x109be2950>, <snowplow_tracker.self_describing_json.SelfDescribingJson object at 0x109be2e10>]}


============================== 10:28:09.531776 | e317100d-3a04-4d13-9783-971effff8a6b ==============================
[0m10:28:09.531776 [info ] [MainThread]: Running with dbt=1.11.2
[0m10:28:09.531994 [debug] [MainThread]: running dbt with arguments {'cache_selected_only': 'False', 'profiles_dir': '/Users/harshitmehra/.dbt', 'invocation_command': 'dbt init netflix', 'log_format': 'default', 'warn_error': 'None', 'log_path': 'logs', 'quiet': 'False', 'indirect_selection': 'eager', 'warn_error_options': 'WarnErrorOptionsV2(error=[], warn=[], silence=[])', 'use_experimental_parser': 'False', 'empty': 'None', 'send_anonymous_usage_stats': 'True', 'version_check': 'True', 'log_cache_events': 'False', 'printer_width': '80', 'introspect': 'True', 'debug': 'False', 'use_colors': 'True', 'no_print': 'None', 'target_path': 'None', 'fail_fast': 'False', 'partial_parse': 'True', 'static_parser': 'True', 'write_json': 'True'}
[0m10:28:09.537349 [debug] [MainThread]: Starter project path: /Users/harshitmehra/Documents/DBT Masterclass/netflix-dbt-project/dbt-env/lib/python3.11/site-packages/dbt/include/starter_project
[0m10:28:09.539954 [info ] [MainThread]: 
Your new dbt project "netflix" was created!

For more information on how to configure the profiles.yml file,
please consult the dbt documentation here:

  https://docs.getdbt.com/docs/configure-your-profile

One more thing:

Need help? Don't hesitate to reach out to us via GitHub issues or on Slack:

  https://community.getdbt.com/

Happy modeling!

[0m10:28:09.540123 [info ] [MainThread]: Setting up your profile.
[0m10:28:44.167906 [debug] [MainThread]: Snowflake adapter: Setting snowflake.connector to ERROR (file logging only)
[0m10:28:44.168237 [debug] [MainThread]: Snowflake adapter: Setting botocore to ERROR (file logging only)
[0m10:28:44.168366 [debug] [MainThread]: Snowflake adapter: Setting boto3 to ERROR (file logging only)
[0m10:33:50.167652 [info ] [MainThread]: Profile netflix written to /Users/harshitmehra/.dbt/profiles.yml using target's profile_template.yml and your supplied values. Run 'dbt debug' to validate the connection.
[0m10:33:50.432232 [debug] [MainThread]: Resource report: {"command_name": "init", "command_success": true, "command_wall_clock_time": 340.92197, "process_in_blocks": "0", "process_kernel_time": 0.130142, "process_mem_max_rss": "128024576", "process_out_blocks": "0", "process_user_time": 0.52616}
[0m10:33:50.435691 [debug] [MainThread]: Command `dbt init` succeeded at 10:33:50.435403 after 340.93 seconds
[0m10:33:50.436842 [debug] [MainThread]: Sending event: {'category': 'dbt', 'action': 'invocation', 'label': 'end', 'context': [<snowplow_tracker.self_describing_json.SelfDescribingJson object at 0x100afa7d0>, <snowplow_tracker.self_describing_json.SelfDescribingJson object at 0x100b99a10>, <snowplow_tracker.self_describing_json.SelfDescribingJson object at 0x1098e7250>]}
[0m10:33:50.437458 [debug] [MainThread]: Flushing usage events
[0m10:33:51.544391 [debug] [MainThread]: An error was encountered while trying to flush usage events
[0m10:52:20.753740 [debug] [MainThread]: Sending event: {'category': 'dbt', 'action': 'invocation', 'label': 'start', 'context': [<snowplow_tracker.self_describing_json.SelfDescribingJson object at 0x10a0b74d0>, <snowplow_tracker.self_describing_json.SelfDescribingJson object at 0x10dca5410>, <snowplow_tracker.self_describing_json.SelfDescribingJson object at 0x10dccf350>]}


============================== 10:52:20.755827 | d55a5451-2505-4386-9c39-4f4dc2e3483e ==============================
[0m10:52:20.755827 [info ] [MainThread]: Running with dbt=1.11.2
[0m10:52:20.756064 [debug] [MainThread]: running dbt with arguments {'cache_selected_only': 'False', 'use_experimental_parser': 'False', 'warn_error': 'None', 'fail_fast': 'False', 'no_print': 'None', 'log_cache_events': 'False', 'write_json': 'True', 'printer_width': '80', 'static_parser': 'True', 'log_format': 'default', 'introspect': 'True', 'invocation_command': 'dbt run', 'version_check': 'True', 'debug': 'False', 'profiles_dir': '/Users/harshitmehra/.dbt', 'use_colors': 'True', 'empty': 'False', 'send_anonymous_usage_stats': 'True', 'indirect_selection': 'eager', 'log_path': 'logs', 'quiet': 'False', 'target_path': 'None', 'partial_parse': 'True', 'warn_error_options': 'WarnErrorOptionsV2(error=[], warn=[], silence=[])'}
[0m10:52:20.756281 [error] [MainThread]: Encountered an error:
Runtime Error
  No dbt_project.yml found at expected path /Users/harshitmehra/Documents/DBT Masterclass/netflix-dbt-project/dbt_project.yml
  Verify that each entry within packages.yml (and their transitive dependencies) contains a file named dbt_project.yml
  
[0m10:52:20.757570 [debug] [MainThread]: Resource report: {"command_name": "run", "command_success": false, "command_wall_clock_time": 0.030089624, "process_in_blocks": "0", "process_kernel_time": 0.107573, "process_mem_max_rss": "111509504", "process_out_blocks": "0", "process_user_time": 0.428168}
[0m10:52:20.757735 [debug] [MainThread]: Command `dbt run` failed at 10:52:20.757704 after 0.03 seconds
[0m10:52:20.757853 [debug] [MainThread]: Sending event: {'category': 'dbt', 'action': 'invocation', 'label': 'end', 'context': [<snowplow_tracker.self_describing_json.SelfDescribingJson object at 0x104b527d0>, <snowplow_tracker.self_describing_json.SelfDescribingJson object at 0x10db602d0>, <snowplow_tracker.self_describing_json.SelfDescribingJson object at 0x10dccf350>]}
[0m10:52:20.757969 [debug] [MainThread]: Flushing usage events
[0m10:52:21.876719 [debug] [MainThread]: An error was encountered while trying to flush usage events
